C51 COMPILER V9.60.0.0   BUZZER                                                            04/27/2024 20:40:08 PAGE 1   


C51 COMPILER V9.60.0.0, COMPILATION OF MODULE BUZZER
OBJECT MODULE PLACED IN .\Objects\buzzer.obj
COMPILER INVOKED BY: C:\Keil_v5\C51\BIN\C51.EXE buzzer.c OMF2 OPTIMIZE(8,SPEED) BROWSE DEBUG PRINT(.\Listings\buzzer.lst
                    -) TABS(2) OBJECT(.\Objects\buzzer.obj)

line level    source

   1          /***********************************************************************
   2          *                                                                      *           
   3          * File Name: buzzer.c                                                  *
   4          *                                                                      *
   5          * Subject: the buzzer source file contains the buzzer functions        *                                                             *
   6          *                                                                      *
   7          * Date: 15-4-2024                                                      *
   8          *                                                                      *
   9          * Created By: Group 1 -> Embedded System Course                        *                       
  10          *                                                                      *
  11          ***********************************************************************/
  12          
  13          #include <buzzer.h>
  14          
  15          sbit Buzzer = P3^6;
  16          
  17          void BUZZER_status(unsigned char status)
  18          {
  19   1        if(status == BUZZER_ON)
  20   1          {
  21   2            Buzzer = BUZZER_ON;
  22   2          }
  23   1          else if(status == BUZZER_OFF)
  24   1          {
  25   2            Buzzer = BUZZER_OFF;
  26   2          } 
  27   1          else
  28   1          {
  29   2            /*No Action Required*/
  30   2          }
  31   1      }


MODULE INFORMATION:   STATIC OVERLAYABLE
   CODE SIZE        =     18    ----
   CONSTANT SIZE    =   ----    ----
   XDATA SIZE       =   ----    ----
   PDATA SIZE       =   ----    ----
   DATA SIZE        =   ----    ----
   IDATA SIZE       =   ----    ----
   BIT SIZE         =   ----    ----
   EDATA SIZE       =   ----    ----
   HDATA SIZE       =   ----    ----
   XDATA CONST SIZE =   ----    ----
   FAR CONST SIZE   =   ----    ----
END OF MODULE INFORMATION.


C51 COMPILATION COMPLETE.  0 WARNING(S),  0 ERROR(S)
