C51 COMPILER V9.60.0.0   DELAY                                                             04/27/2024 19:01:55 PAGE 1   


C51 COMPILER V9.60.0.0, COMPILATION OF MODULE DELAY
OBJECT MODULE PLACED IN .\Objects\delay.obj
COMPILER INVOKED BY: C:\Keil_v5\C51\BIN\C51.EXE delay.c OMF2 OPTIMIZE(8,SPEED) BROWSE DEBUG PRINT(.\Listings\delay.lst) 
                    -TABS(2) OBJECT(.\Objects\delay.obj)

line level    source

   1          #include <delay.h>
   2          
   3          
   4          void delayms(unsigned int n)
   5          {
   6   1        unsigned int i,j;
   7   1        for(i=0;i<n;i++)
   8   1        {
   9   2          for(j=0;j<600;j++);
  10   2        }
  11   1      }


MODULE INFORMATION:   STATIC OVERLAYABLE
   CODE SIZE        =     32    ----
   CONSTANT SIZE    =   ----    ----
   XDATA SIZE       =   ----    ----
   PDATA SIZE       =   ----    ----
   DATA SIZE        =   ----    ----
   IDATA SIZE       =   ----    ----
   BIT SIZE         =   ----    ----
   EDATA SIZE       =   ----    ----
   HDATA SIZE       =   ----    ----
   XDATA CONST SIZE =   ----    ----
   FAR CONST SIZE   =   ----    ----
END OF MODULE INFORMATION.


C51 COMPILATION COMPLETE.  0 WARNING(S),  0 ERROR(S)
