C51 COMPILER V9.60.0.0   IR_SENSOR                                                         04/27/2024 19:01:54 PAGE 1   


C51 COMPILER V9.60.0.0, COMPILATION OF MODULE IR_SENSOR
OBJECT MODULE PLACED IN .\Objects\IR_Sensor.obj
COMPILER INVOKED BY: C:\Keil_v5\C51\BIN\C51.EXE IR_Sensor.c OMF2 OPTIMIZE(8,SPEED) BROWSE DEBUG PRINT(.\Listings\IR_Sens
                    -or.lst) TABS(2) OBJECT(.\Objects\IR_Sensor.obj)

line level    source

   1          /***********************************************************************
   2          *                                                                      *           
   3          * File Name: IR_sensor.h                                               *
   4          *                                                                      *
   5          * Subject: the IR header file contains the IR functions prototypes     *                                                             *
   6          *                                                                      *
   7          * Date: 15-4-2024                                                      *
   8          *                                                                      *
   9          * Created By: Group 1 -> Embedded System Course                        *                       
  10          *                                                                      *
  11          ***********************************************************************/
  12          
  13          #include <IR_sensor.h>
  14          
  15          sbit IR_pin = P3^3;
  16          
  17          unsigned char IR_readStatus(void)
  18          {
  19   1        /*Local Variable Store the Value that IR read*/
  20   1        unsigned char IR_status;
  21   1        /* Define IR pin as Input Pin*/
  22   1        IR_pin = 1;
  23   1        
  24   1        if(IR_pin == IR_DETECT)
  25   1          {
  26   2            IR_status = 0;
  27   2          }
  28   1          else if(IR_pin == IR_SLEEP)
  29   1          {
  30   2            IR_status = 1;
  31   2          } 
  32   1          else
  33   1          {
  34   2            /*No Action Required*/
  35   2          }
  36   1          
  37   1          return IR_status ;
  38   1      }


MODULE INFORMATION:   STATIC OVERLAYABLE
   CODE SIZE        =     14    ----
   CONSTANT SIZE    =   ----    ----
   XDATA SIZE       =   ----    ----
   PDATA SIZE       =   ----    ----
   DATA SIZE        =   ----    ----
   IDATA SIZE       =   ----    ----
   BIT SIZE         =   ----    ----
   EDATA SIZE       =   ----    ----
   HDATA SIZE       =   ----    ----
   XDATA CONST SIZE =   ----    ----
   FAR CONST SIZE   =   ----    ----
END OF MODULE INFORMATION.


C51 COMPILATION COMPLETE.  0 WARNING(S),  0 ERROR(S)
