C51 COMPILER V9.60.0.0   LCD                                                               04/27/2024 19:01:54 PAGE 1   


C51 COMPILER V9.60.0.0, COMPILATION OF MODULE LCD
OBJECT MODULE PLACED IN .\Objects\lcd.obj
COMPILER INVOKED BY: C:\Keil_v5\C51\BIN\C51.EXE lcd.c OMF2 OPTIMIZE(8,SPEED) BROWSE DEBUG PRINT(.\Listings\lcd.lst) TABS
                    -(2) OBJECT(.\Objects\lcd.obj)

line level    source

   1          /***********************************************************************
   2          *                                                                      *           
   3          * File Name: lcd.c                                                     *
   4          *                                                                      *
   5          * Subject: the lcd source file contains the lcd functions              *             
   6          *                                                                      *   
   7          * Date: 15-4-2024                                                      *
   8          *                                                                      *
   9          * Created By: Group 1 -> Embedded System Course                        *                       
  10          *                                                                      *
  11          ***********************************************************************/
  12          
  13          #include <lcd.h>
  14          
  15          /*Define pin Rs and En for LCD*/
  16          
  17          sbit LCD_RS = LCD_RS_PORT_ID^LCD_RS_PIN_ID; 
  18          sbit LCD_En = LCD_E_PORT_ID^LCD_E_PIN_ID; 
  19            
  20          void LCD_init(void)
  21          {
  22   1        /*Configure the Direction of Rs Pin to output pin*/
  23   1        LCD_RS = 0;
  24   1        /*Configure the Direction of En Pin to output pin*/
  25   1        LCD_En = 0;
  26   1        /*This Delay 20m sec needed from datasheet*/
  27   1        delayms(20);
  28   1        /*Set the LCD_DATA_PORT_ID to output port */
  29   1        LCD_DATA_PORT_ID = 0x00;
  30   1        /* use 2-lines LCD + 8-bits Data Mode + 5*7 dot display Mode */
  31   1        LCD_sendCommand(LCD_TWO_LINES_EIGHT_BITS_MODE);
  32   1        /* cursor off */
  33   1        LCD_sendCommand(LCD_CURSOR_OFF); 
  34   1        /* clear LCD at the beginning */
  35   1        LCD_sendCommand(LCD_CLEAR_COMMAND); 
  36   1      }
  37          
  38          void LCD_sendCommand(unsigned char command)
  39          {
  40   1        /*
  41   1          To send command on LCD you should put:
  42   1          1- Rs to 0 
  43   1          2- En to 1
  44   1          you should make a delay 1m sec as written datasheet
  45   1        */
  46   1        LCD_RS = 0;
  47   1        delayms(1);
  48   1        LCD_En = 1;
  49   1        delayms(1);
  50   1        /*
  51   1          To send command on LCD you should put:
  52   1          1- the command you need on Lcd Data Port  
  53   1          2- En to 0
  54   1          you should make a delay 1m sec as written datasheet
C51 COMPILER V9.60.0.0   LCD                                                               04/27/2024 19:01:54 PAGE 2   

  55   1        */
  56   1        LCD_DATA_PORT_ID = command;
  57   1        delayms(1);
  58   1        LCD_En = 0;
  59   1        delayms(1);
  60   1      }
  61          
  62          void LCD_displayCharacter(unsigned char my_data)
  63          {
  64   1      /*
  65   1          To send command on LCD you should put:
  66   1          1- Rs to 1 
  67   1          2- En to 1
  68   1          you should make a delay 1m sec as written datasheet
  69   1        */
  70   1        LCD_RS = 1;
  71   1        delayms(1);
  72   1        LCD_En = 1;
  73   1        delayms(1);
  74   1        
  75   1        /*
  76   1          To send data_ on LCD you should put:
  77   1          1- the command you need on Lcd Data Port  
  78   1          2- En to 0
  79   1          you should make a delay 1m sec as written datasheet
  80   1        */  
  81   1        LCD_DATA_PORT_ID = my_data;
  82   1        delayms(1);
  83   1        LCD_En = 0;
  84   1        delayms(1);
  85   1      }
  86          
  87          void LCD_displayString(const char *Str)
  88          {
  89   1        unsigned char i;
  90   1        for(i=0; Str[i] != '\0';i++)
  91   1          {
  92   2            LCD_displayCharacter(Str[i]);
  93   2          }
  94   1      }
  95          
  96          void LCD_clearScreen(void)
  97          {
  98   1        LCD_sendCommand(LCD_CLEAR_COMMAND); 
  99   1      }
 100          
 101          void LCD_moveCursor(unsigned char row,unsigned char col)
 102          {
 103   1          unsigned char  memory_address;
 104   1        
 105   1        /* Calculate the required address in the LCD DDRAM */
 106   1        switch(row)
 107   1        {
 108   2          case 0:
 109   2            memory_address=col;
 110   2              break;
 111   2          case 1:
 112   2            memory_address=col+0x40;
 113   2              break;
 114   2          case 2:
 115   2            memory_address=col+0x10;
 116   2              break;
C51 COMPILER V9.60.0.0   LCD                                                               04/27/2024 19:01:54 PAGE 3   

 117   2          case 3:
 118   2            memory_address=col+0x50;
 119   2              break;
 120   2        }         
 121   1        /* Move the LCD cursor to this specific address */
 122   1        LCD_sendCommand(memory_address | LCD_SET_CURSOR_LOCATION);
 123   1      }


MODULE INFORMATION:   STATIC OVERLAYABLE
   CODE SIZE        =    192    ----
   CONSTANT SIZE    =   ----    ----
   XDATA SIZE       =   ----    ----
   PDATA SIZE       =   ----    ----
   DATA SIZE        =   ----       7
   IDATA SIZE       =   ----    ----
   BIT SIZE         =   ----    ----
   EDATA SIZE       =   ----    ----
   HDATA SIZE       =   ----    ----
   XDATA CONST SIZE =   ----    ----
   FAR CONST SIZE   =   ----    ----
END OF MODULE INFORMATION.


C51 COMPILATION COMPLETE.  0 WARNING(S),  0 ERROR(S)
