C51 COMPILER V9.60.0.0   LEDS_AND_BUTTONS                                                  04/27/2024 19:01:55 PAGE 1   


C51 COMPILER V9.60.0.0, COMPILATION OF MODULE LEDS_AND_BUTTONS
OBJECT MODULE PLACED IN .\Objects\leds_and_buttons.obj
COMPILER INVOKED BY: C:\Keil_v5\C51\BIN\C51.EXE leds_and_buttons.c OMF2 OPTIMIZE(8,SPEED) BROWSE DEBUG PRINT(.\Listings\
                    -leds_and_buttons.lst) TABS(2) OBJECT(.\Objects\leds_and_buttons.obj)

line level    source

   1          /***********************************************************************
   2          *                                                                      *           
   3          * File Name: leds_and_buttons.c                                        *
   4          *                                                                      *
   5          * Subject: the leds source file contains the leds functions            *                                                             *
   6          *                                                                      *
   7          * Date: 15-4-2024                                                      *
   8          *                                                                      *
   9          * Created By: Group 1 -> Embedded System Course                        *                       
  10          *                                                                      *
  11          ***********************************************************************/
  12          
  13          #include <leds_and_buttons.h>
  14          
  15          sbit R_led  = P0^4;
  16          sbit Y_led  = P0^5;
  17          sbit G_led  = P0^6;
  18          
  19          void RED_ledStatus(unsigned char status)
  20          {
  21   1          if(status == LED_ON)
  22   1          {
  23   2            R_led = LED_ON;
  24   2          }
  25   1          else if(status == LED_OFF)
  26   1          {
  27   2            R_led = LED_OFF;
  28   2          } 
  29   1          else
  30   1          {
  31   2            /*No Action Required*/
  32   2          }
  33   1      }
  34          
  35          void YELLOW_ledStatus(unsigned char status)
  36          {
  37   1        if(status == LED_ON)
  38   1          {
  39   2            Y_led = LED_ON;
  40   2          }
  41   1          else if(status == LED_OFF)
  42   1          {
  43   2            Y_led = LED_OFF;
  44   2          } 
  45   1          else
  46   1          {
  47   2            /*No Action Required*/
  48   2          }
  49   1      }
  50          
  51          void GREEN_ledStatus(unsigned char status)
  52          {
  53   1        if(status == LED_ON)
  54   1          {
C51 COMPILER V9.60.0.0   LEDS_AND_BUTTONS                                                  04/27/2024 19:01:55 PAGE 2   

  55   2            G_led = LED_ON;
  56   2          }
  57   1          else if(status == LED_OFF)
  58   1          {
  59   2            G_led = LED_OFF;
  60   2          } 
  61   1          else
  62   1          {
  63   2            /*No Action Required*/
  64   2          }
  65   1      }


MODULE INFORMATION:   STATIC OVERLAYABLE
   CODE SIZE        =     54    ----
   CONSTANT SIZE    =   ----    ----
   XDATA SIZE       =   ----    ----
   PDATA SIZE       =   ----    ----
   DATA SIZE        =   ----    ----
   IDATA SIZE       =   ----    ----
   BIT SIZE         =   ----    ----
   EDATA SIZE       =   ----    ----
   HDATA SIZE       =   ----    ----
   XDATA CONST SIZE =   ----    ----
   FAR CONST SIZE   =   ----    ----
END OF MODULE INFORMATION.


C51 COMPILATION COMPLETE.  0 WARNING(S),  0 ERROR(S)
