C51 COMPILER V9.60.0.0   UART                                                              04/27/2024 19:01:55 PAGE 1   


C51 COMPILER V9.60.0.0, COMPILATION OF MODULE UART
OBJECT MODULE PLACED IN .\Objects\uart.obj
COMPILER INVOKED BY: C:\Keil_v5\C51\BIN\C51.EXE uart.c OMF2 OPTIMIZE(8,SPEED) BROWSE DEBUG PRINT(.\Listings\uart.lst) TA
                    -BS(2) OBJECT(.\Objects\uart.obj)

line level    source

   1          /***********************************************************************
   2          *                                                                      *           
   3          * File Name: uart.c                                                    *
   4          *                                                                      *
   5          * Subject: the uart source file contains the flow of code              *             
   6          *                                                                      *   
   7          * Date: 15-4-2024                                                      *
   8          *                                                                      *
   9          * Created By: Group 1 -> Embedded System Course                        *                       
  10          *                                                                      *
  11          ***********************************************************************/
  12          
  13          #include <uart.h>
  14          #include <reg51.h>
  15          
  16          void uart_Init(void)
  17          {
  18   1        /* Wrok with default UART that is 8_bit _data frame*/
  19   1        SCON = 0x50;
  20   1        /* Down the tarnsmit and receive flag  */
  21   1        T1 = 0; 
  22   1        RI = 0;
  23   1        /* SMOD reigster put 0 in last _bit*/
  24   1        PCON &= ~(1<<7);
  25   1        /* Using timer 1 in TMOD*/
  26   1        TMOD |= (1<<5);
  27   1        /* Set timer 1 to use buad rate 9600 */
  28   1        TH1 = 253;
  29   1        /* Enable timer 1 to count */
  30   1        TR1 =1;
  31   1      }
  32          
  33          void uart_Sendbyte(unsigned char ch)
  34          {
  35   1        
  36   1        SBUF  = ch;
  37   1        
  38   1        while(TI != 1);
  39   1        
  40   1        TI = 0;
  41   1        
  42   1      }
  43          
  44          unsigned char uart_Receivebyte(void)
  45          {
  46   1      
  47   1        unsigned char buff;
  48   1        
  49   1        while(RI != 1);
  50   1        
  51   1        buff = SBUF;
  52   1        
  53   1        RI = 0;
  54   1        
C51 COMPILER V9.60.0.0   UART                                                              04/27/2024 19:01:55 PAGE 2   

  55   1        return buff;
  56   1      }


MODULE INFORMATION:   STATIC OVERLAYABLE
   CODE SIZE        =     35    ----
   CONSTANT SIZE    =   ----    ----
   XDATA SIZE       =   ----    ----
   PDATA SIZE       =   ----    ----
   DATA SIZE        =   ----    ----
   IDATA SIZE       =   ----    ----
   BIT SIZE         =   ----    ----
   EDATA SIZE       =   ----    ----
   HDATA SIZE       =   ----    ----
   XDATA CONST SIZE =   ----    ----
   FAR CONST SIZE   =   ----    ----
END OF MODULE INFORMATION.


C51 COMPILATION COMPLETE.  0 WARNING(S),  0 ERROR(S)
